{
  "stats": {
    "suites": 1,
    "tests": 1,
    "passes": 0,
    "pending": 0,
    "failures": 1,
    "start": "2022-04-26T08:47:06.773Z",
    "end": "2022-04-26T08:47:39.097Z",
    "duration": 32324,
    "testsRegistered": 1,
    "passPercent": 0,
    "pendingPercent": 0,
    "other": 0,
    "hasOther": false,
    "skipped": 0,
    "hasSkipped": false
  },
  "results": [
    {
      "uuid": "bc88f040-7b1b-47c2-aecb-a0bb5604be92",
      "title": "",
      "fullFile": "cypress/integration/lendFlowRegister.feature",
      "file": "cypress/integration/lendFlowRegister.feature",
      "beforeHooks": [],
      "afterHooks": [],
      "tests": [],
      "suites": [
        {
          "uuid": "427b597d-f6c8-40be-a7f3-795d1d9e0f3e",
          "title": "LendFlow Account Registration",
          "fullFile": "",
          "file": "",
          "beforeHooks": [],
          "afterHooks": [],
          "tests": [
            {
              "title": "Test to sign up an account for LendFLow",
              "fullTitle": "LendFlow Account Registration Test to sign up an account for LendFLow",
              "timedOut": null,
              "duration": 31700,
              "state": "failed",
              "speed": null,
              "pass": false,
              "fail": true,
              "pending": false,
              "context": "[\n  {\n    \"title\": \"cypress-mochawesome-reporter-screenshots\",\n    \"value\": [\n      [\n        {\n          \"title\": \"Failed screenshot\",\n          \"value\": \"/lendFlowRegister.feature/LendFlow Account Registration -- Test to sign up an account for LendFLow (failed).png\"\n        }\n      ]\n    ]\n  },\n  \"assets/lendFlowRegister.feature/LendFlow Account Registration -- Test to sign up an account for LendFLow (failed).png\"\n]",
              "code": "const state = window.testState;\nreturn cy\n  .then(() => state.onStartScenario(scenario, indexedSteps))\n  .then(() =>\n    resolveAndRunBeforeHooks.call(this, scenario.tags, state.feature.name)\n  )\n  .then(() =>\n    indexedSteps.forEach((step) =>\n      stepTest.call(this, state, step, rowData)\n    )\n  )\n  .then(() => state.onFinishScenario(scenario));",
              "err": {
                "message": "AssertionError: Timed out retrying after 6000ms: Expected to find element: `undefined`, but never found it.",
                "estack": "AssertionError: Timed out retrying after 6000ms: Expected to find element: `undefined`, but never found it.\n    at Context.eval (https://app.lendflow.com/__cypress/tests?p=cypress/support/index.js:126:8)",
                "diff": null
              },
              "uuid": "be2bdf66-9663-41e1-a05f-7f7ec4c3aa21",
              "parentUUID": "427b597d-f6c8-40be-a7f3-795d1d9e0f3e",
              "isHook": false,
              "skipped": false
            }
          ],
          "suites": [],
          "passes": [],
          "failures": [
            "be2bdf66-9663-41e1-a05f-7f7ec4c3aa21"
          ],
          "pending": [],
          "skipped": [],
          "duration": 31700,
          "root": false,
          "rootEmpty": false,
          "_timeout": 2000
        }
      ],
      "passes": [],
      "failures": [],
      "pending": [],
      "skipped": [],
      "duration": 0,
      "root": true,
      "rootEmpty": true,
      "_timeout": 2000
    }
  ],
  "meta": {
    "mocha": {
      "version": "7.0.1"
    },
    "mochawesome": {
      "options": {
        "quiet": false,
        "reportFilename": "mochawesome",
        "saveHtml": false,
        "saveJson": true,
        "consoleReporter": "spec",
        "useInlineDiffs": false,
        "code": true
      },
      "version": "7.1.3"
    },
    "marge": {
      "options": {
        "id": "default",
        "reportDir": "cypress/reports/mocha",
        "quite": true,
        "overwrite": false,
        "html": false,
        "json": true,
        "timestamp": "mmddyyyy_HHMMss"
      },
      "version": "6.2.0"
    }
  }
}