{
  "stats": {
    "suites": 1,
    "tests": 1,
    "passes": 0,
    "pending": 0,
    "failures": 1,
    "start": "2022-04-25T09:43:08.410Z",
    "end": "2022-04-25T09:43:24.371Z",
    "duration": 15961,
    "testsRegistered": 1,
    "passPercent": 0,
    "pendingPercent": 0,
    "other": 0,
    "hasOther": false,
    "skipped": 0,
    "hasSkipped": false
  },
  "results": [
    {
      "uuid": "4354a85e-6f69-49b9-b065-cb85bfcbc78c",
      "title": "",
      "fullFile": "cypress/integration/test.feature",
      "file": "cypress/integration/test.feature",
      "beforeHooks": [],
      "afterHooks": [],
      "tests": [],
      "suites": [
        {
          "uuid": "edaf456d-2935-4eb6-9fc1-fb796782fc1d",
          "title": "Form",
          "fullFile": "",
          "file": "",
          "beforeHooks": [],
          "afterHooks": [],
          "tests": [
            {
              "title": "Form Type",
              "fullTitle": "Form Form Type",
              "timedOut": null,
              "duration": 15230,
              "state": "failed",
              "speed": null,
              "pass": false,
              "fail": true,
              "pending": false,
              "context": "[\n  {\n    \"title\": \"cypress-mochawesome-reporter-screenshots\",\n    \"value\": [\n      [\n        {\n          \"title\": \"Failed screenshot\",\n          \"value\": \"/test.feature/Form -- Form Type (failed).png\"\n        }\n      ]\n    ]\n  },\n  \"assets/test.feature/Form -- Form Type (failed).png\"\n]",
              "code": "const state = window.testState;\nreturn cy\n  .then(() => state.onStartScenario(scenario, indexedSteps))\n  .then(() =>\n    resolveAndRunBeforeHooks.call(this, scenario.tags, state.feature.name)\n  )\n  .then(() =>\n    indexedSteps.forEach((step) =>\n      stepTest.call(this, state, step, rowData)\n    )\n  )\n  .then(() => state.onFinishScenario(scenario));",
              "err": {
                "message": "CypressError: `cy.visit()` failed because you are attempting to visit a URL that is of a different origin.\n\nThe new URL is considered a different origin because the following parts of the URL are different:\n\n  > protocol, port, superdomain\n\nYou may only `cy.visit()` same-origin URLs within a single test.\n\nThe previous URL you visited was:\n\n  > 'https://onlineforms.in'\n\nYou're attempting to visit this URL:\n\n  > 'http://localhost:3000'\n\nYou may need to restructure some of your test code to avoid this problem.\n\nhttps://on.cypress.io/cannot-visit-different-origin-domain",
                "estack": "CypressError: `cy.visit()` failed because you are attempting to visit a URL that is of a different origin.\n\nThe new URL is considered a different origin because the following parts of the URL are different:\n\n  > protocol, port, superdomain\n\nYou may only `cy.visit()` same-origin URLs within a single test.\n\nThe previous URL you visited was:\n\n  > 'https://onlineforms.in'\n\nYou're attempting to visit this URL:\n\n  > 'http://localhost:3000'\n\nYou may need to restructure some of your test code to avoid this problem.\n\nhttps://on.cypress.io/cannot-visit-different-origin-domain\n    at cannotVisitDifferentOrigin (https://onlineforms.in/__cypress/runner/cypress_runner.js:158340:72)\n    at go (https://onlineforms.in/__cypress/runner/cypress_runner.js:159167:18)\n    at visit (https://onlineforms.in/__cypress/runner/cypress_runner.js:159357:16)\n    at Context.visit (https://onlineforms.in/__cypress/runner/cypress_runner.js:159360:14)\nFrom Your Spec Code:\n    at navigate (https://onlineforms.in/__cypress/tests?p=cypress/integration/test.feature:99:6)\n    at Context.eval (https://onlineforms.in/__cypress/tests?p=cypress/integration/test.feature:77:22)\n    at Context.resolveAndRunStepDefinition (https://onlineforms.in/__cypress/tests?p=cypress/integration/test.feature:10550:29)\n    at Context.eval (https://onlineforms.in/__cypress/tests?p=cypress/integration/test.feature:9871:35)",
                "diff": null
              },
              "uuid": "702c954e-adb4-46d2-b2ab-d2405f8f8520",
              "parentUUID": "edaf456d-2935-4eb6-9fc1-fb796782fc1d",
              "isHook": false,
              "skipped": false
            }
          ],
          "suites": [],
          "passes": [],
          "failures": [
            "702c954e-adb4-46d2-b2ab-d2405f8f8520"
          ],
          "pending": [],
          "skipped": [],
          "duration": 15230,
          "root": false,
          "rootEmpty": false,
          "_timeout": 2000
        }
      ],
      "passes": [],
      "failures": [],
      "pending": [],
      "skipped": [],
      "duration": 0,
      "root": true,
      "rootEmpty": true,
      "_timeout": 2000
    }
  ],
  "meta": {
    "mocha": {
      "version": "7.0.1"
    },
    "mochawesome": {
      "options": {
        "quiet": false,
        "reportFilename": "mochawesome",
        "saveHtml": false,
        "saveJson": true,
        "consoleReporter": "spec",
        "useInlineDiffs": false,
        "code": true
      },
      "version": "7.1.3"
    },
    "marge": {
      "options": {
        "id": "default",
        "reportDir": "cypress/reports/mocha",
        "quite": true,
        "overwrite": false,
        "html": false,
        "json": true,
        "timestamp": "mmddyyyy_HHMMss"
      },
      "version": "6.2.0"
    }
  }
}