{
  "stats": {
    "suites": 1,
    "tests": 1,
    "passes": 0,
    "pending": 0,
    "failures": 1,
    "start": "2022-04-26T08:49:00.648Z",
    "end": "2022-04-26T08:49:43.852Z",
    "duration": 43204,
    "testsRegistered": 1,
    "passPercent": 0,
    "pendingPercent": 0,
    "other": 0,
    "hasOther": false,
    "skipped": 0,
    "hasSkipped": false
  },
  "results": [
    {
      "uuid": "c8694e33-ccb0-4fd7-a915-55473c80aa6c",
      "title": "",
      "fullFile": "cypress/integration/lendFlowRegister.feature",
      "file": "cypress/integration/lendFlowRegister.feature",
      "beforeHooks": [],
      "afterHooks": [],
      "tests": [],
      "suites": [
        {
          "uuid": "e053238a-b8ce-46d9-afa3-09e1f030c525",
          "title": "LendFlow Account Registration",
          "fullFile": "",
          "file": "",
          "beforeHooks": [],
          "afterHooks": [],
          "tests": [
            {
              "title": "Test to sign up an account for LendFLow",
              "fullTitle": "LendFlow Account Registration Test to sign up an account for LendFLow",
              "timedOut": null,
              "duration": 42252,
              "state": "failed",
              "speed": null,
              "pass": false,
              "fail": true,
              "pending": false,
              "context": "[\n  {\n    \"title\": \"cypress-mochawesome-reporter-screenshots\",\n    \"value\": [\n      [\n        {\n          \"title\": \"Failed screenshot\",\n          \"value\": \"/lendFlowRegister.feature/LendFlow Account Registration -- Test to sign up an account for LendFLow (failed).png\"\n        }\n      ]\n    ]\n  },\n  \"assets/lendFlowRegister.feature/LendFlow Account Registration -- Test to sign up an account for LendFLow (failed).png\"\n]",
              "code": "const state = window.testState;\nreturn cy\n  .then(() => state.onStartScenario(scenario, indexedSteps))\n  .then(() =>\n    resolveAndRunBeforeHooks.call(this, scenario.tags, state.feature.name)\n  )\n  .then(() =>\n    indexedSteps.forEach((step) =>\n      stepTest.call(this, state, step, rowData)\n    )\n  )\n  .then(() => state.onFinishScenario(scenario));",
              "err": {
                "message": "AssertionError: Timed out retrying after 6000ms: Expected to find element: `undefined`, but never found it.",
                "estack": "AssertionError: Timed out retrying after 6000ms: Expected to find element: `undefined`, but never found it.\n    at Context.eval (https://app.lendflow.com/__cypress/tests?p=cypress/support/index.js:126:8)",
                "diff": null
              },
              "uuid": "474e791f-6c9c-4b62-b51c-4dc34191bcd0",
              "parentUUID": "e053238a-b8ce-46d9-afa3-09e1f030c525",
              "isHook": false,
              "skipped": false
            }
          ],
          "suites": [],
          "passes": [],
          "failures": [
            "474e791f-6c9c-4b62-b51c-4dc34191bcd0"
          ],
          "pending": [],
          "skipped": [],
          "duration": 42252,
          "root": false,
          "rootEmpty": false,
          "_timeout": 2000
        }
      ],
      "passes": [],
      "failures": [],
      "pending": [],
      "skipped": [],
      "duration": 0,
      "root": true,
      "rootEmpty": true,
      "_timeout": 2000
    }
  ],
  "meta": {
    "mocha": {
      "version": "7.0.1"
    },
    "mochawesome": {
      "options": {
        "quiet": false,
        "reportFilename": "mochawesome",
        "saveHtml": false,
        "saveJson": true,
        "consoleReporter": "spec",
        "useInlineDiffs": false,
        "code": true
      },
      "version": "7.1.3"
    },
    "marge": {
      "options": {
        "id": "default",
        "reportDir": "cypress/reports/mocha",
        "quite": true,
        "overwrite": false,
        "html": false,
        "json": true,
        "timestamp": "mmddyyyy_HHMMss"
      },
      "version": "6.2.0"
    }
  }
}